#
# There is insufficient memory for the Java Runtime Environment to continue.
# Native memory allocation (mmap) failed to map 67108864 bytes. Error detail: G1 virtual space
# Possible reasons:
#   The system is out of physical RAM or swap space
#   This process is running with CompressedOops enabled, and the Java Heap may be blocking the growth of the native heap
# Possible solutions:
#   Reduce memory load on the system
#   Increase physical memory or swap space
#   Check if swap backing store is full
#   Decrease Java heap size (-Xmx/-Xms)
#   Decrease number of Java threads
#   Decrease Java thread stack sizes (-Xss)
#   Set larger code cache with -XX:ReservedCodeCacheSize=
#   JVM is running with Unscaled Compressed Oops mode in which the Java heap is
#     placed in the first 4GB address space. The Java Heap base address is the
#     maximum limit for the native heap growth. Please use -XX:HeapBaseMinAddress
#     to set the Java Heap base and to place the Java Heap above 4GB virtual address.
# This output file may be truncated or incomplete.
#
#  Out of Memory Error (os_windows.cpp:3613), pid=19448, tid=15240
#
# JRE version:  (17.0.11+9) (build )
# Java VM: OpenJDK 64-Bit Server VM (17.0.11+9-LTS, mixed mode, sharing, tiered, compressed oops, compressed class ptrs, g1 gc, windows-amd64)
# No core dump will be written. Minidumps are not enabled by default on client versions of Windows
#

---------------  S U M M A R Y ------------

Command Line: -Xmx64m -Xms64m -Dorg.gradle.appname=gradlew org.gradle.wrapper.GradleWrapperMain app:installDebug -PreactNativeDevServerPort=8081

Host: Intel(R) Core(TM) i5-10400F CPU @ 2.90GHz, 12 cores, 15G,  Windows 10 , 64 bit Build 19041 (10.0.19041.5438)
Time: Wed Mar 26 16:23:30 2025 India Standard Time elapsed time: 0.008071 seconds (0d 0h 0m 0s)

---------------  T H R E A D  ---------------

Current thread (0x000002b370b346b0):  JavaThread "Unknown thread" [_thread_in_vm, id=15240, stack(0x000000e13a400000,0x000000e13a500000)]

Stack: [0x000000e13a400000,0x000000e13a500000]
Native frames: (J=compiled Java code, j=interpreted, Vv=VM code, C=native code)
V  [jvm.dll+0x67f6d9]
V  [jvm.dll+0x83773a]
V  [jvm.dll+0x8391fe]
V  [jvm.dll+0x839863]
V  [jvm.dll+0x247fbf]
V  [jvm.dll+0x67c519]
V  [jvm.dll+0x670f8a]
V  [jvm.dll+0x309bdb]
V  [jvm.dll+0x311086]
V  [jvm.dll+0x360a6e]
V  [jvm.dll+0x360c9f]
V  [jvm.dll+0x2e0928]
V  [jvm.dll+0x2e1894]
V  [jvm.dll+0x8090e1]
V  [jvm.dll+0x36e7c1]
V  [jvm.dll+0x7e7b06]
V  [jvm.dll+0x3f202f]
V  [jvm.dll+0x3f3b81]
C  [jli.dll+0x528f]
C  [ucrtbase.dll+0x21bb2]
C  [KERNEL32.DLL+0x17374]
C  [ntdll.dll+0x4cc91]


---------------  P R O C E S S  ---------------

Threads class SMR info:
_java_thread_list=0x00007ff804652f18, length=0, elements={
}

Java Threads: ( => current thread )

Other Threads:
  0x000002b370b55140 GCTaskThread "GC Thread#0" [stack: 0x000000e13a500000,0x000000e13a600000] [id=7856]
  0x000002b370b56790 ConcurrentGCThread "G1 Main Marker" [stack: 0x000000e13a600000,0x000000e13a700000] [id=18540]
  0x000002b370b570b0 ConcurrentGCThread "G1 Conc#0" [stack: 0x000000e13a700000,0x000000e13a800000] [id=7660]

[error occurred during error reporting (printing all threads), id 0xc0000005, EXCEPTION_ACCESS_VIOLATION (0xc0000005) at pc=0x00007ff803e11367]

VM state: not at safepoint (not fully initialized)

VM Mutex/Monitor currently owned by a thread:  ([mutex/lock_event])
[0x000002b370b30e80] Heap_lock - owner thread: 0x000002b370b346b0

Heap address: 0x00000000fc000000, size: 64 MB, Compressed Oops mode: 32-bit

CDS archive(s) mapped at: [0x0000000000000000-0x0000000000000000-0x0000000000000000), size 0, SharedBaseAddress: 0x0000000800000000, ArchiveRelocationMode: 1.
Narrow klass base: 0x0000000000000000, Narrow klass shift: 0, Narrow klass range: 0x0

GC Precious Log:
<Empty>

Heap:
 garbage-first heap   total 0K, used 0K [0x00000000fc000000, 0x0000000100000000)
  region size 1024K, 0 young (0K), 0 survivors (0K)

[error occurred during error reporting (printing heap information), id 0xc0000005, EXCEPTION_ACCESS_VIOLATION (0xc0000005) at pc=0x00007ff8041f9a59]

GC Heap History (0 events):
No events

Dll operation events (1 events):
Event: 0.004 Loaded shared library C:\Program Files\Microsoft\jdk-17.0.11.9-hotspot\bin\java.dll

Deoptimization events (0 events):
No events

Classes unloaded (0 events):
No events

Classes redefined (0 events):
No events

Internal exceptions (0 events):
No events

VM Operations (0 events):
No events

Events (0 events):
No events


Dynamic libraries:
0x00007ff600300000 - 0x00007ff60030e000 	C:\Program Files\Microsoft\jdk-17.0.11.9-hotspot\bin\java.exe
0x00007ff863ab0000 - 0x00007ff863ca8000 	C:\Windows\SYSTEM32\ntdll.dll
0x00007ff8626b0000 - 0x00007ff862772000 	C:\Windows\System32\KERNEL32.DLL
0x00007ff861460000 - 0x00007ff86175f000 	C:\Windows\System32\KERNELBASE.dll
0x00007ff861200000 - 0x00007ff861300000 	C:\Windows\System32\ucrtbase.dll
0x00007ff8488e0000 - 0x00007ff8488f7000 	C:\Program Files\Microsoft\jdk-17.0.11.9-hotspot\bin\jli.dll
0x00007ff8488c0000 - 0x00007ff8488db000 	C:\Program Files\Microsoft\jdk-17.0.11.9-hotspot\bin\VCRUNTIME140.dll
0x00007ff862780000 - 0x00007ff86291d000 	C:\Windows\System32\USER32.dll
0x00007ff84a920000 - 0x00007ff84abba000 	C:\Windows\WinSxS\amd64_microsoft.windows.common-controls_6595b64144ccf1df_6.0.19041.4355_none_60b8b9eb71f62e16\COMCTL32.dll
0x00007ff8619e0000 - 0x00007ff861a02000 	C:\Windows\System32\win32u.dll
0x00007ff8638f0000 - 0x00007ff86398e000 	C:\Windows\System32\msvcrt.dll
0x00007ff861b60000 - 0x00007ff861b8b000 	C:\Windows\System32\GDI32.dll
0x00007ff8618c0000 - 0x00007ff8619da000 	C:\Windows\System32\gdi32full.dll
0x00007ff8613c0000 - 0x00007ff86145d000 	C:\Windows\System32\msvcp_win.dll
0x00007ff862660000 - 0x00007ff86268f000 	C:\Windows\System32\IMM32.DLL
0x00007ff8488b0000 - 0x00007ff8488bc000 	C:\Program Files\Microsoft\jdk-17.0.11.9-hotspot\bin\vcruntime140_1.dll
0x00007ff826f70000 - 0x00007ff826ffd000 	C:\Program Files\Microsoft\jdk-17.0.11.9-hotspot\bin\msvcp140.dll
0x00007ff803b20000 - 0x00007ff804786000 	C:\Program Files\Microsoft\jdk-17.0.11.9-hotspot\bin\server\jvm.dll
0x00007ff8623f0000 - 0x00007ff86249f000 	C:\Windows\System32\ADVAPI32.dll
0x00007ff862220000 - 0x00007ff8622bf000 	C:\Windows\System32\sechost.dll
0x00007ff862c20000 - 0x00007ff862d43000 	C:\Windows\System32\RPCRT4.dll
0x00007ff861aa0000 - 0x00007ff861ac7000 	C:\Windows\System32\bcrypt.dll
0x00007ff860b60000 - 0x00007ff860bab000 	C:\Windows\SYSTEM32\POWRPROF.dll
0x00007ff840860000 - 0x00007ff840869000 	C:\Windows\SYSTEM32\WSOCK32.dll
0x00007ff852b50000 - 0x00007ff852b77000 	C:\Windows\SYSTEM32\WINMM.dll
0x00007ff862980000 - 0x00007ff8629eb000 	C:\Windows\System32\WS2_32.dll
0x00007ff85a030000 - 0x00007ff85a03a000 	C:\Windows\SYSTEM32\VERSION.dll
0x00007ff860b40000 - 0x00007ff860b52000 	C:\Windows\SYSTEM32\UMPDC.dll
0x00007ff85efb0000 - 0x00007ff85efc2000 	C:\Windows\SYSTEM32\kernel.appcore.dll
0x00007ff83f5a0000 - 0x00007ff83f5aa000 	C:\Program Files\Microsoft\jdk-17.0.11.9-hotspot\bin\jimage.dll
0x00007ff8437b0000 - 0x00007ff843994000 	C:\Windows\SYSTEM32\DBGHELP.DLL
0x00007ff843770000 - 0x00007ff8437a4000 	C:\Windows\SYSTEM32\dbgcore.DLL
0x00007ff861a10000 - 0x00007ff861a92000 	C:\Windows\System32\bcryptPrimitives.dll
0x00007ff833680000 - 0x00007ff8336a5000 	C:\Program Files\Microsoft\jdk-17.0.11.9-hotspot\bin\java.dll

dbghelp: loaded successfully - version: 4.0.5 - missing functions: none
symbol engine: initialized successfully - sym options: 0x614 - pdb path: .;C:\Program Files\Microsoft\jdk-17.0.11.9-hotspot\bin;C:\Windows\SYSTEM32;C:\Windows\WinSxS\amd64_microsoft.windows.common-controls_6595b64144ccf1df_6.0.19041.4355_none_60b8b9eb71f62e16;C:\Program Files\Microsoft\jdk-17.0.11.9-hotspot\bin\server

VM Arguments:
jvm_args: -Xmx64m -Xms64m -Dorg.gradle.appname=gradlew 
java_command: org.gradle.wrapper.GradleWrapperMain app:installDebug -PreactNativeDevServerPort=8081
java_class_path (initial): C:\Users\Developer\Downloads\ios\android\\gradle\wrapper\gradle-wrapper.jar
Launcher Type: SUN_STANDARD

[Global flags]
     intx CICompilerCount                          = 4                                         {product} {ergonomic}
     uint ConcGCThreads                            = 3                                         {product} {ergonomic}
     uint G1ConcRefinementThreads                  = 10                                        {product} {ergonomic}
   size_t G1HeapRegionSize                         = 1048576                                   {product} {ergonomic}
    uintx GCDrainStackTargetSize                   = 64                                        {product} {ergonomic}
   size_t InitialHeapSize                          = 67108864                                  {product} {command line}
   size_t MarkStackSize                            = 4194304                                   {product} {ergonomic}
   size_t MaxHeapSize                              = 67108864                                  {product} {command line}
   size_t MinHeapDeltaBytes                        = 1048576                                   {product} {ergonomic}
   size_t MinHeapSize                              = 67108864                                  {product} {command line}
    uintx NonNMethodCodeHeapSize                   = 5839372                                {pd product} {ergonomic}
    uintx NonProfiledCodeHeapSize                  = 122909434                              {pd product} {ergonomic}
    uintx ProfiledCodeHeapSize                     = 122909434                              {pd product} {ergonomic}
    uintx ReservedCodeCacheSize                    = 251658240                              {pd product} {ergonomic}
     bool SegmentedCodeCache                       = true                                      {product} {ergonomic}
   size_t SoftMaxHeapSize                          = 67108864                               {manageable} {ergonomic}
     bool UseCompressedClassPointers               = true                           {product lp64_product} {ergonomic}
     bool UseCompressedOops                        = true                           {product lp64_product} {ergonomic}
     bool UseG1GC                                  = true                                      {product} {ergonomic}
     bool UseLargePagesIndividualAllocation        = false                                  {pd product} {ergonomic}

Logging:
Log output configuration:
 #0: stdout all=warning uptime,level,tags
 #1: stderr all=off uptime,level,tags

Environment Variables:
JAVA_HOME=C:\Program Files\Microsoft\jdk-17.0.11.9-hotspot\
CLASSPATH=C:\Users\Developer\Downloads\ios\android\\gradle\wrapper\gradle-wrapper.jar
PATH=C:\Users\Developer\Downloads\ios\node_modules\.bin;C:\Users\Developer\Downloads\node_modules\.bin;C:\Users\Developer\node_modules\.bin;C:\Users\node_modules\.bin;C:\node_modules\.bin;C:\Users\Developer\AppData\Roaming\npm\node_modules\npm\node_modules\@npmcli\run-script\lib\node-gyp-bin;C:\Program Files\Microsoft\jdk-17.0.11.9-hotspot\bin;C:\Python312\Scripts\;C:\Python312\;C:\Windows\system32;C:\Windows;C:\Windows\System32\Wbem;C:\Windows\System32\WindowsPowerShell\v1.0\;C:\Windows\System32\OpenSSH\;C:\ProgramData\chocolatey\bin;C:\metasploit-framework\bin\;C:\xampp\php;C:\ProgramData\ComposerSetup\bin;C:\Program Files\Git\cmd;C:\Program Files\nodejs\;C:\Program Files\PuTTY\;C:\Program Files\Docker\Docker\resources\bin;C:\Users\Developer\AppData\Local\Microsoft\WindowsApps;C:\Users\Developer\AppData\Local\Programs\Microsoft VS Code\bin;C:\Users\Developer\AppData\Local\Android\Sdk\platform-tools;C:\Users\Developer\AppData\Roaming\Composer\vendor\bin;C:\Program Files\Git\bin;C:\Users\Developer\AppData\Roaming\npm;C:\Users\Developer\AppData\Local\Programs\mongosh\
USERNAME=Developer
LANG=en_US.UTF-8
OS=Windows_NT
PROCESSOR_IDENTIFIER=Intel64 Family 6 Model 165 Stepping 3, GenuineIntel
TMP=C:\Users\DEVELO~1\AppData\Local\Temp
TEMP=C:\Users\DEVELO~1\AppData\Local\Temp



Periodic native trim disabled


---------------  S Y S T E M  ---------------

OS:
 Windows 10 , 64 bit Build 19041 (10.0.19041.5438)
OS uptime: 13 days 5:59 hours
Hyper-V role detected

CPU: total 12 (initial active 12) (6 cores per cpu, 2 threads per core) family 6 model 165 stepping 3 microcode 0xe0, cx8, cmov, fxsr, ht, mmx, 3dnowpref, sse, sse2, sse3, ssse3, sse4.1, sse4.2, popcnt, lzcnt, tsc, tscinvbit, avx, avx2, aes, erms, clmul, bmi1, bmi2, adx, fma, vzeroupper, clflush, clflushopt, hv
Processor Information for all 12 processors :
  Max Mhz: 2904, Current Mhz: 2904, Mhz Limit: 2904

Memory: 4k page, system-wide physical 16297M (496M free)
TotalPageFile size 65449M (AvailPageFile size 25M)
current process WorkingSet (physical memory assigned to process): 10M, peak: 10M
current process commit charge ("private bytes"): 63M, peak: 127M

vm_info: OpenJDK 64-Bit Server VM (17.0.11+9-LTS) for windows-amd64 JRE (17.0.11+9-LTS), built on Apr  9 2024 22:05:54 by "MicrosoftCorporation" with MS VC++ 16.10 / 16.11 (VS2019)

END.
