#
# There is insufficient memory for the Java Runtime Environment to continue.
# Native memory allocation (mmap) failed to map 67108864 bytes. Error detail: G1 virtual space
# Possible reasons:
#   The system is out of physical RAM or swap space
#   This process is running with CompressedOops enabled, and the Java Heap may be blocking the growth of the native heap
# Possible solutions:
#   Reduce memory load on the system
#   Increase physical memory or swap space
#   Check if swap backing store is full
#   Decrease Java heap size (-Xmx/-Xms)
#   Decrease number of Java threads
#   Decrease Java thread stack sizes (-Xss)
#   Set larger code cache with -XX:ReservedCodeCacheSize=
#   JVM is running with Unscaled Compressed Oops mode in which the Java heap is
#     placed in the first 4GB address space. The Java Heap base address is the
#     maximum limit for the native heap growth. Please use -XX:HeapBaseMinAddress
#     to set the Java Heap base and to place the Java Heap above 4GB virtual address.
# This output file may be truncated or incomplete.
#
#  Out of Memory Error (os_windows.cpp:3707), pid=14076, tid=19940
#
# JRE version:  (23.0.2+7) (build )
# Java VM: Java HotSpot(TM) 64-Bit Server VM (23.0.2+7-58, mixed mode, sharing, tiered, compressed oops, compressed class ptrs, g1 gc, windows-amd64)
# No core dump will be written. Minidumps are not enabled by default on client versions of Windows
#

---------------  S U M M A R Y ------------

Command Line: -Xmx64m -Xms64m -Dorg.gradle.appname=gradlew org.gradle.wrapper.GradleWrapperMain app:installDebug -PreactNativeDevServerPort=8081

Host: 12th Gen Intel(R) Core(TM) i5-1235U, 12 cores, 15G,  Windows 11 , 64 bit Build 22621 (10.0.22621.5124)
Time: Sun Apr 20 14:39:56 2025 India Standard Time elapsed time: 0.013347 seconds (0d 0h 0m 0s)

---------------  T H R E A D  ---------------

Current thread (0x000001396454f3a0):  JavaThread "Unknown thread" [_thread_in_vm, id=19940, stack(0x000000247a300000,0x000000247a400000) (1024K)]

Stack: [0x000000247a300000,0x000000247a400000]
Native frames: (J=compiled Java code, j=interpreted, Vv=VM code, C=native code)
V  [jvm.dll+0x6e0b99]  (no source info available)
V  [jvm.dll+0x87e2b3]  (no source info available)
V  [jvm.dll+0x88073e]  (no source info available)
V  [jvm.dll+0x880e13]  (no source info available)
V  [jvm.dll+0x27b006]  (no source info available)
V  [jvm.dll+0x6dd485]  (no source info available)
V  [jvm.dll+0x6d127a]  (no source info available)
V  [jvm.dll+0x35b50a]  (no source info available)
V  [jvm.dll+0x363916]  (no source info available)
V  [jvm.dll+0x34fe7e]  (no source info available)
V  [jvm.dll+0x350118]  (no source info available)
V  [jvm.dll+0x328aec]  (no source info available)
V  [jvm.dll+0x32978e]  (no source info available)
V  [jvm.dll+0x8449a5]  (no source info available)
V  [jvm.dll+0x3b9a08]  (no source info available)
V  [jvm.dll+0x82d68c]  (no source info available)
V  [jvm.dll+0x454f2e]  (no source info available)
V  [jvm.dll+0x456db1]  (no source info available)
C  [jli.dll+0x52a3]  (no source info available)
C  [ucrtbase.dll+0x29333]  (no source info available)
C  [KERNEL32.DLL+0x1259d]  (no source info available)
C  [ntdll.dll+0x5af38]  (no source info available)

Lock stack of current Java thread (top to bottom):


---------------  P R O C E S S  ---------------

Threads class SMR info:
_java_thread_list=0x00007ff8a8bd4618, length=0, elements={
}

Java Threads: ( => current thread )
Total: 0

Other Threads:
  0x000001396456ab20 WorkerThread "GC Thread#0"                     [id=8220, stack(0x000000247a400000,0x000000247a500000) (1024K)]
  0x000001396456c570 ConcurrentGCThread "G1 Main Marker"            [id=24252, stack(0x000000247a500000,0x000000247a600000) (1024K)]
  0x000001396456d230 WorkerThread "G1 Conc#0"                       [id=16256, stack(0x000000247a600000,0x000000247a700000) (1024K)]

[error occurred during error reporting (printing all threads), id 0xc0000005, EXCEPTION_ACCESS_VIOLATION (0xc0000005) at pc=0x00007ff8a831c0da]
VM state: not at safepoint (not fully initialized)

VM Mutex/Monitor currently owned by a thread:  ([mutex/lock_event])
[0x00007ff8a8c54988] Heap_lock - owner thread: 0x000001396454f3a0

Heap address: 0x00000000fc000000, size: 64 MB, Compressed Oops mode: 32-bit

CDS archive(s) mapped at: [0x0000000000000000-0x0000000000000000-0x0000000000000000), size 0, SharedBaseAddress: 0x0000000800000000, ArchiveRelocationMode: 1.
Narrow klass base: 0x0000000000000000, Narrow klass shift: 0, Narrow klass range: 0x0

GC Precious Log:
 CardTable entry size: 512
 Card Set container configuration: InlinePtr #cards 5 size 8 Array Of Cards #cards 10 size 36 Howl #buckets 4 coarsen threshold 1843 Howl Bitmap #cards 512 size 80 coarsen threshold 460 Card regions per heap region 1 cards per card region 2048

Heap:
 garbage-first heap   total reserved 65536K, committed 0K, used 0K [0x00000000fc000000, 0x0000000100000000)
  region size 1024K, 0 young (0K), 0 survivors (0K)

[error occurred during error reporting (printing heap information), id 0xc0000005, EXCEPTION_ACCESS_VIOLATION (0xc0000005) at pc=0x00007ff8a871c6a9]
GC Heap History (0 events):
No events

Dll operation events (1 events):
Event: 0.008 Loaded shared library C:\Program Files\Java\jdk-23\bin\java.dll

Deoptimization events (0 events):
No events

Classes loaded (0 events):
No events

Classes unloaded (0 events):
No events

Classes redefined (0 events):
No events

Internal exceptions (0 events):
No events

VM Operations (0 events):
No events

Memory protections (0 events):
No events

Nmethod flushes (0 events):
No events

Events (0 events):
No events


Dynamic libraries:
0x00007ff7b5700000 - 0x00007ff7b5710000 	C:\Program Files\Java\jdk-23\bin\java.exe
0x00007ff928f50000 - 0x00007ff929167000 	C:\WINDOWS\SYSTEM32\ntdll.dll
0x00007ff927050000 - 0x00007ff927114000 	C:\WINDOWS\System32\KERNEL32.DLL
0x00007ff926820000 - 0x00007ff926bf3000 	C:\WINDOWS\System32\KERNELBASE.dll
0x00007ff926070000 - 0x00007ff926181000 	C:\WINDOWS\System32\ucrtbase.dll
0x00007ff919150000 - 0x00007ff91916b000 	C:\Program Files\Java\jdk-23\bin\VCRUNTIME140.dll
0x00007ff8ff000000 - 0x00007ff8ff017000 	C:\Program Files\Java\jdk-23\bin\jli.dll
0x00007ff927990000 - 0x00007ff927b41000 	C:\WINDOWS\System32\USER32.dll
0x00007ff9267f0000 - 0x00007ff926816000 	C:\WINDOWS\System32\win32u.dll
0x00007ff927310000 - 0x00007ff927339000 	C:\WINDOWS\System32\GDI32.dll
0x00007ff913f20000 - 0x00007ff9141b8000 	C:\WINDOWS\WinSxS\amd64_microsoft.windows.common-controls_6595b64144ccf1df_6.0.22621.5124_none_270e8f4f7386d69d\COMCTL32.dll
0x00007ff927120000 - 0x00007ff9271c7000 	C:\WINDOWS\System32\msvcrt.dll
0x00007ff926410000 - 0x00007ff92652b000 	C:\WINDOWS\System32\gdi32full.dll
0x00007ff926750000 - 0x00007ff9267ea000 	C:\WINDOWS\System32\msvcp_win.dll
0x00007ff926c80000 - 0x00007ff926cb1000 	C:\WINDOWS\System32\IMM32.DLL
0x00007ff922430000 - 0x00007ff92243c000 	C:\Program Files\Java\jdk-23\bin\vcruntime140_1.dll
0x00007ff8f9cc0000 - 0x00007ff8f9d4e000 	C:\Program Files\Java\jdk-23\bin\msvcp140.dll
0x00007ff8a7fe0000 - 0x00007ff8a8d30000 	C:\Program Files\Java\jdk-23\bin\server\jvm.dll
0x00007ff9277c0000 - 0x00007ff927871000 	C:\WINDOWS\System32\ADVAPI32.dll
0x00007ff926d40000 - 0x00007ff926de8000 	C:\WINDOWS\System32\sechost.dll
0x00007ff9266a0000 - 0x00007ff9266c8000 	C:\WINDOWS\System32\bcrypt.dll
0x00007ff9271d0000 - 0x00007ff9272e4000 	C:\WINDOWS\System32\RPCRT4.dll
0x00007ff926cc0000 - 0x00007ff926d31000 	C:\WINDOWS\System32\WS2_32.dll
0x00007ff925f40000 - 0x00007ff925f8d000 	C:\WINDOWS\SYSTEM32\POWRPROF.dll
0x00007ff91f300000 - 0x00007ff91f334000 	C:\WINDOWS\SYSTEM32\WINMM.dll
0x00007ff91a400000 - 0x00007ff91a40a000 	C:\WINDOWS\SYSTEM32\VERSION.dll
0x00007ff925e70000 - 0x00007ff925e83000 	C:\WINDOWS\SYSTEM32\UMPDC.dll
0x00007ff925070000 - 0x00007ff925088000 	C:\WINDOWS\SYSTEM32\kernel.appcore.dll
0x00007ff91a860000 - 0x00007ff91a86a000 	C:\Program Files\Java\jdk-23\bin\jimage.dll
0x00007ff923980000 - 0x00007ff923bb2000 	C:\WINDOWS\SYSTEM32\DBGHELP.DLL
0x00007ff927d30000 - 0x00007ff9280c2000 	C:\WINDOWS\System32\combase.dll
0x00007ff926f70000 - 0x00007ff927047000 	C:\WINDOWS\System32\OLEAUT32.dll
0x00007ff91a6f0000 - 0x00007ff91a722000 	C:\WINDOWS\SYSTEM32\dbgcore.DLL
0x00007ff926190000 - 0x00007ff92620b000 	C:\WINDOWS\System32\bcryptPrimitives.dll
0x00007ff8fe530000 - 0x00007ff8fe54e000 	C:\Program Files\Java\jdk-23\bin\java.dll
0x00007ff927b80000 - 0x00007ff927d21000 	C:\WINDOWS\System32\ole32.dll
0x00007ff928510000 - 0x00007ff928da6000 	C:\WINDOWS\System32\SHELL32.dll
0x00007ff926210000 - 0x00007ff92634f000 	C:\WINDOWS\System32\wintypes.dll

dbghelp: loaded successfully - version: 4.0.5 - missing functions: none
symbol engine: initialized successfully - sym options: 0x614 - pdb path: .;C:\Program Files\Java\jdk-23\bin;C:\WINDOWS\SYSTEM32;C:\WINDOWS\WinSxS\amd64_microsoft.windows.common-controls_6595b64144ccf1df_6.0.22621.5124_none_270e8f4f7386d69d;C:\Program Files\Java\jdk-23\bin\server

VM Arguments:
jvm_args: -Xmx64m -Xms64m -Dorg.gradle.appname=gradlew 
java_command: org.gradle.wrapper.GradleWrapperMain app:installDebug -PreactNativeDevServerPort=8081
java_class_path (initial): C:\Users\91981\Downloads\qtl\android\\gradle\wrapper\gradle-wrapper.jar
Launcher Type: SUN_STANDARD

[Global flags]
     intx CICompilerCount                          = 4                                         {product} {ergonomic}
     uint ConcGCThreads                            = 3                                         {product} {ergonomic}
     uint G1ConcRefinementThreads                  = 10                                        {product} {ergonomic}
   size_t G1HeapRegionSize                         = 1048576                                   {product} {ergonomic}
   size_t InitialHeapSize                          = 67108864                                  {product} {command line}
   size_t MarkStackSize                            = 4194304                                   {product} {ergonomic}
   size_t MarkStackSizeMax                         = 536870912                                 {product} {ergonomic}
   size_t MaxHeapSize                              = 67108864                                  {product} {command line}
   size_t MinHeapDeltaBytes                        = 1048576                                   {product} {ergonomic}
   size_t MinHeapSize                              = 67108864                                  {product} {command line}
    uintx NonNMethodCodeHeapSize                   = 5832704                                {pd product} {ergonomic}
    uintx NonProfiledCodeHeapSize                  = 122945536                              {pd product} {ergonomic}
    uintx ProfiledCodeHeapSize                     = 122880000                              {pd product} {ergonomic}
    uintx ReservedCodeCacheSize                    = 251658240                              {pd product} {ergonomic}
     bool SegmentedCodeCache                       = true                                      {product} {ergonomic}
   size_t SoftMaxHeapSize                          = 67108864                               {manageable} {ergonomic}
     bool UseCompressedOops                        = true                           {product lp64_product} {ergonomic}
     bool UseG1GC                                  = true                                      {product} {ergonomic}
     bool UseLargePagesIndividualAllocation        = false                                  {pd product} {ergonomic}

Logging:
Log output configuration:
 #0: stdout all=warning uptime,level,tags foldmultilines=false
 #1: stderr all=off uptime,level,tags foldmultilines=false

Environment Variables:
JAVA_HOME=C:\Program Files\Java\jdk-23
CLASSPATH=C:\Users\91981\Downloads\qtl\android\\gradle\wrapper\gradle-wrapper.jar
PATH=C:\Users\91981\Downloads\qtl\node_modules\.bin;C:\Users\91981\Downloads\node_modules\.bin;C:\Users\91981\node_modules\.bin;C:\Users\node_modules\.bin;C:\node_modules\.bin;C:\Users\91981\AppData\Roaming\npm\node_modules\npm\node_modules\@npmcli\run-script\lib\node-gyp-bin;C:\Program Files\Common Files\Oracle\Java\javapath;C:\Program Files\Microsoft\jdk-17.0.14.7-hotspot\bin;C:\Python312\Scripts\;C:\Python312\;C:\WINDOWS\system32;C:\WINDOWS;C:\WINDOWS\System32\Wbem;C:\WINDOWS\System32\WindowsPowerShell\v1.0\;C:\WINDOWS\System32\OpenSSH\;C:\ProgramData\chocolatey\bin;C:\Program Files\PuTTY\;C:\Program Files\nodejs\;C:\xampp\php;C:\ProgramData\ComposerSetup\bin;C:\Users\91981\AppData\Local\Android\Sdk\tools;C:\Users\91981\AppData\Local\Microsoft\WindowsApps;C:\Users\91981\AppData\Local\Programs\Microsoft VS Code\bin;C:\Users\91981\AppData\Roaming\npm;C:\Users\91981\AppData\Local\Android\Sdk\platform-tools;C:\Users\91981\AppData\Roaming\Composer\vendor\bin
USERNAME=91981
LANG=en_US.UTF-8
OS=Windows_NT
PROCESSOR_IDENTIFIER=Intel64 Family 6 Model 154 Stepping 4, GenuineIntel
TMP=C:\Users\91981\AppData\Local\Temp
TEMP=C:\Users\91981\AppData\Local\Temp




Periodic native trim disabled

---------------  S Y S T E M  ---------------

OS:
 Windows 11 , 64 bit Build 22621 (10.0.22621.5124)
OS uptime: 4 days 15:31 hours
Hyper-V role detected

CPU: total 12 (initial active 12) (6 cores per cpu, 2 threads per core) family 6 model 154 stepping 4 microcode 0x41f, cx8, cmov, fxsr, ht, mmx, 3dnowpref, sse, sse2, sse3, ssse3, sse4.1, sse4.2, popcnt, lzcnt, tsc, tscinvbit, avx, avx2, aes, erms, clmul, bmi1, bmi2, adx, sha, fma, vzeroupper, clflush, clflushopt, clwb, hv, serialize, rdtscp, rdpid, fsrm, gfni, f16c, cet_ibt, cet_ss
Processor Information for processor 0
  Max Mhz: 1300, Current Mhz: 1300, Mhz Limit: 1300
Processor Information for processor 1
  Max Mhz: 1300, Current Mhz: 1300, Mhz Limit: 1300
Processor Information for processor 2
  Max Mhz: 1300, Current Mhz: 1300, Mhz Limit: 1300
Processor Information for processor 3
  Max Mhz: 1300, Current Mhz: 1300, Mhz Limit: 1300
Processor Information for processor 4
  Max Mhz: 900, Current Mhz: 900, Mhz Limit: 900
Processor Information for processor 5
  Max Mhz: 900, Current Mhz: 900, Mhz Limit: 900
Processor Information for processor 6
  Max Mhz: 900, Current Mhz: 900, Mhz Limit: 900
Processor Information for processor 7
  Max Mhz: 900, Current Mhz: 900, Mhz Limit: 900
Processor Information for processor 8
  Max Mhz: 900, Current Mhz: 900, Mhz Limit: 900
Processor Information for processor 9
  Max Mhz: 900, Current Mhz: 900, Mhz Limit: 900
Processor Information for processor 10
  Max Mhz: 900, Current Mhz: 900, Mhz Limit: 900
Processor Information for processor 11
  Max Mhz: 900, Current Mhz: 900, Mhz Limit: 900

Memory: 4k page, system-wide physical 16108M (411M free)
TotalPageFile size 51872M (AvailPageFile size 59M)
current process WorkingSet (physical memory assigned to process): 12M, peak: 12M
current process commit charge ("private bytes"): 64M, peak: 127M

vm_info: Java HotSpot(TM) 64-Bit Server VM (23.0.2+7-58) for windows-amd64 JRE (23.0.2+7-58), built on 2024-11-29T09:34:55Z with MS VC++ 17.6 (VS2022)

END.
